Board :

Init State : Grapple -> ee1
Start Point :  X 0.245 Y 0.5
Segment :
ARM : MIN 0.1 MAX 0.2 LEN 0.1
ANG : Degree 119.99999999999997 Radian 2.094395102393195
Segment :
ARM : MIN 0.1 MAX 0.2 LEN 0.1
ANG : Degree 119.99999999999997 Radian 2.094395102393195
Segment :
ARM : MIN 0.1 MAX 0.2 LEN 0.1
ANG : Degree 59.999999999999986 Radian 1.0471975511965974
Segment :
ARM : MIN 0.1 MAX 0.2 LEN 0.1
ANG : Degree -29.999999999999993 Radian -0.5235987755982987
JNT :  X 0.245 Y 0.5
JNT :  X 0.19500000000000006 Y 0.586602540378444
JNT :  X 0.14499999999999996 Y 0.5000000000000001
JNT :  X 0.19499999999999984 Y 0.41339745962155616
JNT :  X 0.19499999999999967 Y 0.3133974596215562

Goal State : Grapple -> ee1
Start Point :  X 0.895 Y 0.5
Segment :
ARM : MIN 0.1 MAX 0.2 LEN 0.1
ANG : Degree 119.99999999999997 Radian 2.094395102393195
Segment :
ARM : MIN 0.1 MAX 0.2 LEN 0.1
ANG : Degree 119.99999999999997 Radian 2.094395102393195
Segment :
ARM : MIN 0.1 MAX 0.2 LEN 0.1
ANG : Degree 59.999999999999986 Radian 1.0471975511965974
Segment :
ARM : MIN 0.1 MAX 0.2 LEN 0.1
ANG : Degree -29.999999999999993 Radian -0.5235987755982987
JNT :  X 0.895 Y 0.5
JNT :  X 0.8450000000000001 Y 0.586602540378444
JNT :  X 0.7949999999999999 Y 0.5000000000000001
JNT :  X 0.8449999999999998 Y 0.41339745962155616
JNT :  X 0.8449999999999995 Y 0.3133974596215562

Current State : Grapple -> ee1
Start Point :  X 0.245 Y 0.5
Segment :
ARM : MIN 0.1 MAX 0.2 LEN 0.1
ANG : Degree 119.99999999999997 Radian 2.094395102393195
Segment :
ARM : MIN 0.1 MAX 0.2 LEN 0.1
ANG : Degree 119.99999999999997 Radian 2.094395102393195
Segment :
ARM : MIN 0.1 MAX 0.2 LEN 0.1
ANG : Degree 59.999999999999986 Radian 1.0471975511965974
Segment :
ARM : MIN 0.1 MAX 0.2 LEN 0.1
ANG : Degree -29.999999999999993 Radian -0.5235987755982987
JNT :  X 0.245 Y 0.5
JNT :  X 0.19500000000000006 Y 0.586602540378444
JNT :  X 0.14499999999999996 Y 0.5000000000000001
JNT :  X 0.19499999999999984 Y 0.41339745962155616
JNT :  X 0.19499999999999967 Y 0.3133974596215562

Grapple [ X 0.245 Y 0.5,  X 0.57 Y 0.31,  X 0.57 Y 0.69,  X 0.895 Y 0.5]
Grapple [BL :  X 0.25 Y 0.0  TR :  X 0.35 Y 0.225, BL :  X 0.25 Y 0.425  TR :  X 0.35 Y 0.575, BL :  X 0.25 Y 0.775  TR :  X 0.35 Y 1.0, BL :  X 0.575 Y 0.225  TR :  X 0.675 Y 0.4, BL :  X 0.575 Y 0.6  TR :  X 0.675 Y 0.775, BL :  X 0.9 Y 0.4  TR :  X 1.0 Y 0.6]



Init
0.245 0.5; 119.99999999999997 119.99999999999997 59.999999999999986 -29.999999999999993; 0.1 0.1 0.1 0.1
 X 0.245 Y 0.5
 X 0.19499999999999967 Y 0.3133974596215562


Goal
0.245 0.5; -88.05104438610583 91.51164827198045 31.05499015806093 46.23923626381827; 0.11022535452154768 0.14644857909112924 0.17444771515128762 0.1950073947184354
 X 0.245 Y 0.5
 X 0.57 Y 0.69
Tree Size: 1
Tree Size: 1
Tree Size: 1
Tree Size: 2
Tree Size: 2
Tree Size: 2
Tree Size: 2
Tree Size: 3
Tree Size: 3
Tree Size: 3
Tree Size: 3
Tree Size: 4
Tree Size: 4
Tree Size: 4
Tree Size: 4
Tree Size: 5
Tree Size: 5
Tree Size: 5
Tree Size: 5
Tree Size: 6
Tree Size: 6
Tree Size: 6
Tree Size: 6
Tree Size: 7
Tree Size: 7
Tree Size: 7
Tree Size: 7
Tree Size: 8
Tree Size: 8
Tree Size: 8
Tree Size: 8
Tree Size: 9
Tree Size: 9
Tree Size: 9
Tree Size: 9
Tree Size: 10
Tree Size: 10
Tree Size: 10
Tree Size: 10
Tree Size: 11
Tree Size: 11
Tree Size: 11
Tree Size: 11
Tree Size: 12
Tree Size: 12
Tree Size: 12
Tree Size: 12
Tree Size: 13
Tree Size: 13
Tree Size: 13
Tree Size: 13
Tree Size: 14
Tree Size: 14
Tree Size: 14
Tree Size: 14
Tree Size: 15
Tree Size: 15
Tree Size: 15
Tree Size: 15
Tree Size: 16
Tree Size: 16
Tree Size: 16
Tree Size: 16
Tree Size: 17
Tree Size: 17
Tree Size: 17
Tree Size: 17
Tree Size: 18
Tree Size: 18
Tree Size: 18
Tree Size: 18
Tree Size: 19
Tree Size: 19
Tree Size: 19
Tree Size: 19
Tree Size: 20
Tree Size: 20
Tree Size: 20
Tree Size: 20
Tree Size: 21
Tree Size: 21
Tree Size: 21
Tree Size: 21
Tree Size: 22
Tree Size: 22
Tree Size: 22
Tree Size: 22
Tree Size: 23
Tree Size: 23
Tree Size: 23
Tree Size: 23
Tree Size: 24
Tree Size: 24
Tree Size: 24
Tree Size: 24
Tree Size: 25
Tree Size: 25
Tree Size: 25
Tree Size: 25
Tree Size: 26
Tree Size: 26
Tree Size: 26
Tree Size: 26
Tree Size: 27
Tree Size: 27
Tree Size: 27
Tree Size: 27
Tree Size: 28
Tree Size: 28
Tree Size: 28
Tree Size: 28
Tree Size: 29
Tree Size: 29
Tree Size: 29
Tree Size: 29
Tree Size: 30
Tree Size: 30
Tree Size: 30
Tree Size: 30
Tree Size: 31
Tree Size: 31
Tree Size: 31
Tree Size: 31
Tree Size: 32
Tree Size: 32
Tree Size: 32
Tree Size: 32
Tree Size: 33
Tree Size: 33
Tree Size: 33
Tree Size: 33
Tree Size: 34
Tree Size: 34
Tree Size: 34
Tree Size: 34
Tree Size: 35
Tree Size: 35
Tree Size: 35
Tree Size: 35
Tree Size: 36
Tree Size: 36
Tree Size: 36
Tree Size: 36
Tree Size: 37
Tree Size: 37
Tree Size: 37
Tree Size: 37
Tree Size: 38
Tree Size: 38
Tree Size: 38
Tree Size: 38
Tree Size: 39
Tree Size: 39
Tree Size: 39
Tree Size: 39
Tree Size: 40
Tree Size: 40
Tree Size: 40
Tree Size: 40
Tree Size: 41
Tree Size: 41
Tree Size: 41
Tree Size: 41
Tree Size: 42
Tree Size: 42
Tree Size: 42
Tree Size: 42
Tree Size: 43
Tree Size: 43
Tree Size: 43
Tree Size: 43
Tree Size: 44
Tree Size: 44
Tree Size: 44
Tree Size: 44
Tree Size: 45
Tree Size: 45
Tree Size: 45
Tree Size: 45
Tree Size: 46
Tree Size: 46
Tree Size: 46
Tree Size: 46
Tree Size: 47
Tree Size: 47
Tree Size: 47
Tree Size: 47
Tree Size: 48
Tree Size: 48
Tree Size: 48
Tree Size: 48
Tree Size: 49
Tree Size: 49
Tree Size: 49
Tree Size: 49
Tree Size: 50
Tree Size: 50
Tree Size: 50
Tree Size: 50
Tree Size: 51
Tree Size: 51
Tree Size: 51
Tree Size: 51
Tree Size: 52
Tree Size: 52
Tree Size: 52
Tree Size: 52
Tree Size: 53
Tree Size: 53
Tree Size: 53
Tree Size: 53
Tree Size: 54
Tree Size: 54
Tree Size: 54
Tree Size: 54
Tree Size: 55
Tree Size: 55
Tree Size: 55
Tree Size: 55
Tree Size: 56
Tree Size: 56
Tree Size: 56
Tree Size: 56
Tree Size: 57
Tree Size: 57
Tree Size: 57
Tree Size: 57
Tree Size: 58
Tree Size: 58
Tree Size: 58
Tree Size: 58
Tree Size: 59
Tree Size: 59
Tree Size: 59
Tree Size: 59
Tree Size: 60
Tree Size: 60
Tree Size: 60
Tree Size: 60
Tree Size: 61
Tree Size: 61
Tree Size: 61
Tree Size: 61
Tree Size: 62
Tree Size: 62
Tree Size: 62
Tree Size: 62
Tree Size: 63
Tree Size: 63
Tree Size: 63
Tree Size: 63
Tree Size: 64
Tree Size: 64
Tree Size: 64
Tree Size: 64
Tree Size: 65
Tree Size: 65
Tree Size: 65
Tree Size: 65
Tree Size: 66
Tree Size: 66
Tree Size: 66
Tree Size: 66
Tree Size: 67
Tree Size: 67
Tree Size: 67
Tree Size: 67
Tree Size: 68
Tree Size: 68
Tree Size: 68
Tree Size: 68
Tree Size: 69
Tree Size: 69
Tree Size: 69
Tree Size: 69
Tree Size: 70
Tree Size: 70
Tree Size: 70
Tree Size: 70
Tree Size: 71
Tree Size: 71
Tree Size: 71
Tree Size: 71
Tree Size: 72
Tree Size: 72
Tree Size: 72
Tree Size: 72
Tree Size: 73
Tree Size: 73
Tree Size: 73
Tree Size: 73
Tree Size: 74
Tree Size: 74
Tree Size: 74
Tree Size: 74
Tree Size: 75
Tree Size: 75
Tree Size: 75
Tree Size: 75
Tree Size: 76
Tree Size: 76
Tree Size: 76
Tree Size: 76
Tree Size: 77
Tree Size: 77
Tree Size: 77
Tree Size: 77
Tree Size: 78
Tree Size: 78
Tree Size: 78
Tree Size: 78
Tree Size: 79
Tree Size: 79
Tree Size: 79
Tree Size: 79
Tree Size: 80
Tree Size: 80
Tree Size: 80
Tree Size: 80
Tree Size: 81
Tree Size: 81
Tree Size: 81
Tree Size: 81
Tree Size: 82
Tree Size: 82
Tree Size: 82
Tree Size: 82
Tree Size: 83
Tree Size: 83
Tree Size: 83
Tree Size: 83
Tree Size: 84
Tree Size: 84
Tree Size: 84
Tree Size: 84
Tree Size: 85
Tree Size: 85
Tree Size: 85
Tree Size: 85
Tree Size: 86
Tree Size: 86
Tree Size: 86
Tree Size: 86
Tree Size: 87
Tree Size: 87
Tree Size: 87
Tree Size: 87
Tree Size: 88
Tree Size: 88
Tree Size: 88
Tree Size: 88
Tree Size: 89
Tree Size: 89
Tree Size: 89
Tree Size: 89
Tree Size: 90
Tree Size: 90
Tree Size: 90
Tree Size: 90
Tree Size: 91
Tree Size: 91
Tree Size: 91


Init
0.57 0.69; -99.2451696922462 -46.23923626381827 -31.05499015806093 -91.51164827198045; 0.1950073947184354 0.17444771515128762 0.14644857909112924 0.11022535452154768
 X 0.24499999999999997 Y 0.5
 X 0.57 Y 0.69


Goal
0.57 0.69; -125.9033212651704 89.11424117058587 87.41124683461133 -61.360999175357215; 0.16286821673877397 0.1908878559031218 0.1197806030352973 0.19506094814005234
 X 0.895 Y 0.4999999999999999
 X 0.57 Y 0.69
Tree Size: 1
Tree Size: 1
Tree Size: 1
Tree Size: 2
Tree Size: 2
Tree Size: 2
Tree Size: 2
Tree Size: 3
Tree Size: 3
Tree Size: 3
Tree Size: 3
Tree Size: 4
Tree Size: 4
Tree Size: 4
Tree Size: 4
Tree Size: 5
Tree Size: 5
Tree Size: 5
Tree Size: 5
Tree Size: 6
Tree Size: 6
Tree Size: 6
Tree Size: 6
Tree Size: 7
Tree Size: 7
Tree Size: 7
Tree Size: 7
Tree Size: 8
Tree Size: 8
Tree Size: 8
Tree Size: 8
Tree Size: 9
Tree Size: 9
Tree Size: 9
Tree Size: 9
Tree Size: 10
Tree Size: 10
Tree Size: 10
Tree Size: 10
Tree Size: 11
Tree Size: 11
Tree Size: 11
Tree Size: 11
Tree Size: 12
Tree Size: 12
Tree Size: 12
Tree Size: 12
Tree Size: 13
Tree Size: 13
Tree Size: 13
Tree Size: 13
Tree Size: 14
Tree Size: 14
Tree Size: 14
Tree Size: 14
Tree Size: 15
Tree Size: 15
Tree Size: 15
Tree Size: 15
Tree Size: 16
Tree Size: 16
Tree Size: 16
Tree Size: 16
Tree Size: 17
Tree Size: 17
Tree Size: 17
Tree Size: 17
Tree Size: 18
Tree Size: 18
Tree Size: 18
Tree Size: 18
Tree Size: 19
Tree Size: 19
Tree Size: 19
Tree Size: 19
Tree Size: 20
Tree Size: 20
Tree Size: 20
Tree Size: 20
Tree Size: 21
Tree Size: 21
Tree Size: 21
Tree Size: 21
Tree Size: 22
Tree Size: 22
Tree Size: 22
Tree Size: 22
Tree Size: 23
Tree Size: 23
Tree Size: 23
Tree Size: 23
Tree Size: 24
Tree Size: 24
Tree Size: 24
Tree Size: 24
Tree Size: 25
Tree Size: 25
Tree Size: 25
Tree Size: 25
Tree Size: 26
Tree Size: 26
Tree Size: 26
Tree Size: 26
Tree Size: 27
Tree Size: 27
Tree Size: 27
Tree Size: 27
Tree Size: 28
Tree Size: 28
Tree Size: 28
Tree Size: 28
Tree Size: 29
Tree Size: 29
Tree Size: 29
Tree Size: 29
Tree Size: 30
Tree Size: 30
Tree Size: 30
Tree Size: 30
Tree Size: 31
Tree Size: 31
Tree Size: 31
Tree Size: 31
Tree Size: 32
Tree Size: 32
Tree Size: 32
Tree Size: 32
Tree Size: 33
Tree Size: 33
Tree Size: 33
Tree Size: 33
Tree Size: 34
Tree Size: 34
Tree Size: 34
Tree Size: 34
Tree Size: 35
Tree Size: 35
Tree Size: 35
Tree Size: 35
Tree Size: 36
Tree Size: 36
Tree Size: 36
Tree Size: 36
Tree Size: 37
Tree Size: 37
Tree Size: 37
Tree Size: 37
Tree Size: 38
Tree Size: 38
Tree Size: 38
Tree Size: 38
Tree Size: 39
Tree Size: 39
Tree Size: 39
Tree Size: 39
Tree Size: 40
Tree Size: 40
Tree Size: 40
Tree Size: 40
Tree Size: 41
Tree Size: 41
Tree Size: 41
Tree Size: 41
Tree Size: 42
Tree Size: 42
Tree Size: 42
Tree Size: 42
Tree Size: 43
Tree Size: 43
Tree Size: 43
Tree Size: 43
Tree Size: 44
Tree Size: 44
Tree Size: 44
Tree Size: 44
Tree Size: 45
Tree Size: 45
Tree Size: 45
Tree Size: 45
Tree Size: 46
Tree Size: 46
Tree Size: 46
Tree Size: 46
Tree Size: 47
Tree Size: 47
Tree Size: 47
Tree Size: 47
Tree Size: 48
Tree Size: 48
Tree Size: 48
Tree Size: 48
Tree Size: 49
Tree Size: 49
Tree Size: 49
Tree Size: 49
Tree Size: 50
Tree Size: 50
Tree Size: 50
Tree Size: 50
Tree Size: 51
Tree Size: 51
Tree Size: 51
Tree Size: 51
Tree Size: 52
Tree Size: 52
Tree Size: 52
Tree Size: 52
Tree Size: 53
Tree Size: 53
Tree Size: 53
Tree Size: 53
Tree Size: 54
Tree Size: 54
Tree Size: 54
Tree Size: 54
Tree Size: 55
Tree Size: 55
Tree Size: 55
Tree Size: 55
Tree Size: 56
Tree Size: 56
Tree Size: 56
Tree Size: 56
Tree Size: 57
Tree Size: 57
Tree Size: 57
Tree Size: 57
Tree Size: 58
Tree Size: 58
Tree Size: 58
Tree Size: 58
Tree Size: 59
Tree Size: 59
Tree Size: 59
Tree Size: 59
Tree Size: 60
Tree Size: 60
Tree Size: 60
Tree Size: 60
Tree Size: 61
Tree Size: 61
Tree Size: 61
Tree Size: 61
Tree Size: 62
Tree Size: 62
Tree Size: 62
Tree Size: 62
Tree Size: 63
Tree Size: 63
Tree Size: 63
Tree Size: 63
Tree Size: 64
Tree Size: 64
Tree Size: 64
Tree Size: 64
Tree Size: 65
Tree Size: 65
Tree Size: 65
Tree Size: 65
Tree Size: 66
Tree Size: 66
Tree Size: 66
Tree Size: 66
Tree Size: 67
Tree Size: 67
Tree Size: 67
Tree Size: 67
Tree Size: 68
Tree Size: 68
Tree Size: 68
Tree Size: 68
Tree Size: 69
Tree Size: 69
Tree Size: 69
Tree Size: 69
Tree Size: 70
Tree Size: 70
Tree Size: 70
Tree Size: 70
Tree Size: 71
Tree Size: 71
Tree Size: 71
Tree Size: 71
Tree Size: 72
Tree Size: 72
Tree Size: 72
Tree Size: 72
Tree Size: 73
Tree Size: 73
Tree Size: 73
Tree Size: 73
Tree Size: 74
Tree Size: 74
Tree Size: 74
Tree Size: 74
Tree Size: 75
Tree Size: 75
Tree Size: 75
Tree Size: 75
Tree Size: 76
Tree Size: 76
Tree Size: 76
Tree Size: 76
Tree Size: 77
Tree Size: 77
Tree Size: 77
Tree Size: 77
Tree Size: 78
Tree Size: 78
Tree Size: 78
Tree Size: 78
Tree Size: 79
Tree Size: 79
Tree Size: 79
Tree Size: 79
Tree Size: 80
Tree Size: 80
Tree Size: 80
Tree Size: 80
Tree Size: 81
Tree Size: 81
Tree Size: 81
Tree Size: 81
Tree Size: 82
Tree Size: 82
Tree Size: 82
Tree Size: 82
Tree Size: 83
Tree Size: 83
Tree Size: 83
Tree Size: 83
Tree Size: 84
Tree Size: 84
Tree Size: 84
Tree Size: 84
Tree Size: 85
Tree Size: 85
Tree Size: 85
Tree Size: 85
Tree Size: 86
Tree Size: 86
Tree Size: 86
Tree Size: 86
Tree Size: 87
Tree Size: 87
Tree Size: 87
Tree Size: 87
Tree Size: 88
Tree Size: 88
Tree Size: 88
Tree Size: 88
Tree Size: 89
Tree Size: 89
Tree Size: 89
Tree Size: 89
Tree Size: 90
Tree Size: 90
Tree Size: 90
Tree Size: 90
Tree Size: 91
Tree Size: 91
Tree Size: 91
Tree Size: 91
Tree Size: 92
Tree Size: 92
Tree Size: 92
Tree Size: 92
Tree Size: 93
Tree Size: 93
Tree Size: 93
Tree Size: 93
Tree Size: 94
Tree Size: 94
Tree Size: 94
Tree Size: 94
Tree Size: 95
Tree Size: 95
Tree Size: 95
Tree Size: 95
Tree Size: 96
Tree Size: 96
Tree Size: 96
Tree Size: 96
Tree Size: 97
Tree Size: 97
Tree Size: 97
Tree Size: 97
Tree Size: 98
Tree Size: 98
Tree Size: 98
Tree Size: 98
Tree Size: 99
Tree Size: 99
Tree Size: 99
Tree Size: 99
Tree Size: 100
Tree Size: 100
Tree Size: 100
Tree Size: 100
Tree Size: 101
Tree Size: 101
Tree Size: 101
Tree Size: 101
Tree Size: 102
Tree Size: 102
Tree Size: 102
Tree Size: 102
Tree Size: 103
Tree Size: 103
Tree Size: 103
Tree Size: 103
Tree Size: 104
Tree Size: 104
Tree Size: 104
Tree Size: 104
Tree Size: 105
Tree Size: 105
Tree Size: 105
Tree Size: 105
Tree Size: 106
Tree Size: 106
Tree Size: 106
Tree Size: 106
Tree Size: 107
Tree Size: 107
Tree Size: 107
Tree Size: 107
Tree Size: 108
Tree Size: 108
Tree Size: 108
Tree Size: 108
Tree Size: 109
Tree Size: 109
Tree Size: 109
Tree Size: 109
Tree Size: 110
Tree Size: 110
Tree Size: 110
Tree Size: 110
Tree Size: 111
Tree Size: 111
Tree Size: 111
Tree Size: 111
Tree Size: 112
Tree Size: 112
Tree Size: 112
Tree Size: 112
Tree Size: 113
Tree Size: 113
Tree Size: 113
Tree Size: 113
Tree Size: 114
Tree Size: 114
Tree Size: 114
Tree Size: 114
Tree Size: 115
Tree Size: 115
Tree Size: 115
Tree Size: 115
Tree Size: 116
Tree Size: 116
Tree Size: 116
Tree Size: 116
Tree Size: 117
Tree Size: 117
Tree Size: 117
Tree Size: 117
Tree Size: 118
Tree Size: 118
Tree Size: 118
Tree Size: 118
Tree Size: 119
Tree Size: 119
Tree Size: 119
Tree Size: 119
Tree Size: 120
Tree Size: 120
Tree Size: 120
Tree Size: 120
Tree Size: 121
Tree Size: 121
Tree Size: 121
Tree Size: 121
Tree Size: 122
Tree Size: 122
Tree Size: 122
Tree Size: 122
Tree Size: 123
Tree Size: 123
Tree Size: 123
Tree Size: 123
Tree Size: 124
Tree Size: 124
Tree Size: 124
Tree Size: 124
Tree Size: 125
Tree Size: 125
Tree Size: 125
Tree Size: 125
Tree Size: 126
Tree Size: 126
Tree Size: 126
Tree Size: 126
Tree Size: 127
Tree Size: 127
Tree Size: 127
Tree Size: 127
Tree Size: 128
Tree Size: 128
Tree Size: 128
Tree Size: 128
Tree Size: 129
Tree Size: 129
Tree Size: 129
Tree Size: 129
Tree Size: 130
Tree Size: 130
Tree Size: 130
Tree Size: 130
Tree Size: 131
Tree Size: 131
Tree Size: 131
Tree Size: 131
Tree Size: 132
Tree Size: 132
Tree Size: 132
Tree Size: 132
Tree Size: 133
Tree Size: 133
Tree Size: 133
Tree Size: 133
Tree Size: 134
Tree Size: 134
Tree Size: 134
Tree Size: 134
Tree Size: 135
Tree Size: 135
Tree Size: 135
Tree Size: 135
Tree Size: 136
Tree Size: 136
Tree Size: 136
Tree Size: 136
Tree Size: 137
Tree Size: 137
Tree Size: 137
Tree Size: 137
Tree Size: 138
Tree Size: 138
Tree Size: 138
Tree Size: 138
Tree Size: 139
Tree Size: 139
Tree Size: 139
Tree Size: 139
Tree Size: 140
Tree Size: 140
Tree Size: 140
Tree Size: 140
Tree Size: 141
Tree Size: 141
Tree Size: 141
Tree Size: 141
Tree Size: 142
Tree Size: 142
Tree Size: 142
Tree Size: 142
Tree Size: 143
Tree Size: 143
Tree Size: 143
Tree Size: 143
Tree Size: 144
Tree Size: 144
Tree Size: 144
Tree Size: 144
Tree Size: 145
Tree Size: 145
Tree Size: 145
Tree Size: 145
Tree Size: 146
Tree Size: 146
Tree Size: 146
Tree Size: 146
Tree Size: 147
Tree Size: 147
Tree Size: 147
Tree Size: 147
Tree Size: 148
Tree Size: 148
Tree Size: 148
Tree Size: 148
Tree Size: 149
Tree Size: 149
Tree Size: 149
Tree Size: 149
Tree Size: 150
Tree Size: 150
Tree Size: 150
Tree Size: 150
Tree Size: 151
Tree Size: 151
Tree Size: 151
Tree Size: 151
Tree Size: 152
Tree Size: 152
Tree Size: 152
Tree Size: 152
Tree Size: 153
Tree Size: 153
Tree Size: 153
Tree Size: 153
Tree Size: 154
Tree Size: 154
Tree Size: 154
Tree Size: 154
Tree Size: 155
Tree Size: 155
Tree Size: 155
Tree Size: 155
Tree Size: 156
Tree Size: 156
Tree Size: 156
Tree Size: 156
Tree Size: 157
Tree Size: 157
Tree Size: 157
Tree Size: 157
Tree Size: 158
Tree Size: 158
Tree Size: 158
Tree Size: 158
Tree Size: 159
Tree Size: 159
Tree Size: 159
Tree Size: 159
Tree Size: 160
Tree Size: 160
Tree Size: 160
Tree Size: 160
Tree Size: 161
Tree Size: 161
Tree Size: 161
Tree Size: 161
Tree Size: 162
Tree Size: 162
Tree Size: 162
Tree Size: 162
Tree Size: 163
Tree Size: 163
Tree Size: 163
Tree Size: 163
Tree Size: 164
Tree Size: 164
Tree Size: 164
Tree Size: 164
Tree Size: 165
Tree Size: 165
Tree Size: 165
Tree Size: 165
Tree Size: 166
Tree Size: 166
Tree Size: 166
Tree Size: 166
Tree Size: 167
Tree Size: 167
Tree Size: 167
Tree Size: 167
Tree Size: 168
Tree Size: 168
Tree Size: 168
Tree Size: 168
Tree Size: 169
Tree Size: 169
Tree Size: 169
Tree Size: 169
Tree Size: 170
Tree Size: 170
Tree Size: 170
Tree Size: 170
Tree Size: 171
Tree Size: 171
Tree Size: 171
Tree Size: 171
Tree Size: 172
Tree Size: 172
Tree Size: 172
Tree Size: 172
Tree Size: 173
Tree Size: 173
Tree Size: 173
Tree Size: 173
Tree Size: 174
Tree Size: 174
Tree Size: 174
Tree Size: 174
Tree Size: 175
Tree Size: 175
Tree Size: 175
Tree Size: 175
Tree Size: 176
Tree Size: 176
Tree Size: 176
Tree Size: 176
Tree Size: 177
Tree Size: 177
Tree Size: 177
Tree Size: 177
Tree Size: 178
Tree Size: 178
Tree Size: 178
Tree Size: 178
Tree Size: 179
Tree Size: 179
Tree Size: 179
Tree Size: 179
Tree Size: 180
Tree Size: 180
Tree Size: 180
Tree Size: 180
Tree Size: 181
Tree Size: 181
Tree Size: 181
Tree Size: 181
Tree Size: 182
Tree Size: 182
Tree Size: 182
Tree Size: 182
Tree Size: 183
Tree Size: 183
Tree Size: 183
Tree Size: 183
Tree Size: 184
Tree Size: 184
Tree Size: 184
Tree Size: 184
Tree Size: 185
Tree Size: 185
Tree Size: 185
Tree Size: 185
Tree Size: 186
Tree Size: 186
Tree Size: 186
Tree Size: 186
Tree Size: 187
Tree Size: 187
Tree Size: 187
Tree Size: 187
Tree Size: 188
Tree Size: 188
Tree Size: 188


Init
0.895 0.4999999999999999; 169.26116756466956 61.360999175357215 -87.41124683461133 -89.11424117058587; 0.19506094814005234 0.1197806030352973 0.1908878559031218 0.16286821673877397
 X 0.895 Y 0.4999999999999999
 X 0.57 Y 0.69


Goal
0.895 0.5; 119.99999999999997 119.99999999999997 59.999999999999986 -29.999999999999993; 0.1 0.1 0.1 0.1
 X 0.895 Y 0.5
 X 0.8449999999999995 Y 0.3133974596215562
Tree Size: 1
Tree Size: 1
Tree Size: 1
Tree Size: 2
Tree Size: 2
Tree Size: 2
Tree Size: 2
Tree Size: 3
Tree Size: 3
Tree Size: 3
Tree Size: 3
Tree Size: 4
Tree Size: 4
Tree Size: 4
Tree Size: 4
Tree Size: 5
Tree Size: 5
Tree Size: 5
Tree Size: 5
Tree Size: 6
Tree Size: 6
Tree Size: 6
Tree Size: 6
Tree Size: 7
Tree Size: 7
Tree Size: 7
Tree Size: 7
Tree Size: 8
Tree Size: 8
Tree Size: 8
Tree Size: 8
Tree Size: 9
Tree Size: 9
Tree Size: 9
Tree Size: 9
Tree Size: 10
Tree Size: 10
Tree Size: 10
Tree Size: 10
Tree Size: 11
Tree Size: 11
Tree Size: 11
Tree Size: 11
Tree Size: 12
Tree Size: 12
Tree Size: 12
Tree Size: 12
Tree Size: 13
Tree Size: 13
Tree Size: 13
Tree Size: 13
Tree Size: 14
Tree Size: 14
Tree Size: 14
Tree Size: 14
Tree Size: 15
Tree Size: 15
Tree Size: 15
Tree Size: 15
Tree Size: 16
Tree Size: 16
Tree Size: 16
Tree Size: 16
Tree Size: 17
Tree Size: 17
Tree Size: 17
Tree Size: 17
Tree Size: 18
Tree Size: 18
Tree Size: 18
Tree Size: 18
Tree Size: 19
Tree Size: 19
Tree Size: 19
Tree Size: 19
Tree Size: 20
Tree Size: 20
Tree Size: 20
Tree Size: 20
Tree Size: 21
Tree Size: 21
Tree Size: 21
Tree Size: 21
Tree Size: 22
Tree Size: 22
Tree Size: 22
Tree Size: 22
Tree Size: 23
Tree Size: 23
Tree Size: 23
Tree Size: 23
Tree Size: 24
Tree Size: 24
Tree Size: 24
Tree Size: 24
Tree Size: 25
Tree Size: 25
Tree Size: 25
Tree Size: 25
Tree Size: 26
Tree Size: 26
Tree Size: 26
Tree Size: 26
Tree Size: 27
Tree Size: 27
Tree Size: 27
Tree Size: 27
Tree Size: 28
Tree Size: 28
Tree Size: 28
Tree Size: 28
Tree Size: 29
Tree Size: 29
Tree Size: 29
Tree Size: 29
Tree Size: 30
Tree Size: 30
Tree Size: 30
Tree Size: 30
Tree Size: 31
Tree Size: 31
Tree Size: 31
Tree Size: 31
Tree Size: 32
Tree Size: 32
Tree Size: 32
Tree Size: 32
Tree Size: 33
Tree Size: 33
Tree Size: 33
Tree Size: 33
Tree Size: 34
Tree Size: 34
Tree Size: 34
Tree Size: 34
Tree Size: 35
Tree Size: 35
Tree Size: 35
Tree Size: 35
Tree Size: 36
Tree Size: 36
Tree Size: 36
Tree Size: 36
Tree Size: 37
Tree Size: 37
Tree Size: 37
Tree Size: 37
Tree Size: 38
Tree Size: 38
Tree Size: 38
Tree Size: 38
Tree Size: 39
Tree Size: 39
Tree Size: 39
Tree Size: 39
Tree Size: 40
Tree Size: 40
Tree Size: 40
Tree Size: 40
Tree Size: 41
Tree Size: 41
Tree Size: 41
Tree Size: 41
Tree Size: 42
Tree Size: 42
Tree Size: 42
Tree Size: 42
Tree Size: 43
Tree Size: 43
Tree Size: 43
Tree Size: 43
Tree Size: 44
Tree Size: 44
Tree Size: 44
Tree Size: 44
Tree Size: 45
Tree Size: 45
Tree Size: 45
Tree Size: 45
Tree Size: 46
Tree Size: 46
Tree Size: 46
Tree Size: 46
Tree Size: 47
Tree Size: 47
Tree Size: 47
Tree Size: 47
Tree Size: 48
Tree Size: 48
Tree Size: 48
Tree Size: 48
Tree Size: 49
Tree Size: 49
Tree Size: 49
Tree Size: 49
Tree Size: 50
Tree Size: 50
Tree Size: 50
Tree Size: 50
Tree Size: 51
Tree Size: 51
Tree Size: 51
Tree Size: 51
Tree Size: 52
Tree Size: 52
Tree Size: 52
Tree Size: 52
Tree Size: 53
Tree Size: 53
Tree Size: 53
Tree Size: 53
Tree Size: 54
Tree Size: 54
Tree Size: 54
Tree Size: 54
Tree Size: 55
Tree Size: 55
Tree Size: 55
Tree Size: 55
Tree Size: 56
Tree Size: 56
Tree Size: 56
Tree Size: 56
Tree Size: 57
Tree Size: 57
Tree Size: 57
Tree Size: 57
Tree Size: 58
Tree Size: 58
Tree Size: 58
Tree Size: 58
Tree Size: 59
Tree Size: 59
Tree Size: 59
Tree Size: 59
Tree Size: 60
Tree Size: 60
Tree Size: 60
Tree Size: 60
Tree Size: 61
Tree Size: 61
Tree Size: 61
Tree Size: 61
Tree Size: 62
Tree Size: 62
Tree Size: 62
Tree Size: 62
Tree Size: 63
Tree Size: 63
Tree Size: 63
Tree Size: 63
Tree Size: 64
Tree Size: 64
Tree Size: 64
Tree Size: 64
Tree Size: 65
Tree Size: 65
Tree Size: 65
Tree Size: 65
Tree Size: 66
Tree Size: 66
Tree Size: 66
Tree Size: 66
Tree Size: 67
Tree Size: 67
Tree Size: 67
Tree Size: 67
Tree Size: 68
Tree Size: 68
Tree Size: 68
Tree Size: 68
Tree Size: 69
Tree Size: 69
Tree Size: 69
Tree Size: 69
Tree Size: 70
Tree Size: 70
Tree Size: 70
Tree Size: 70
Tree Size: 71
Tree Size: 71
Tree Size: 71
Tree Size: 71
Tree Size: 72
Tree Size: 72
Tree Size: 72
Tree Size: 72
Tree Size: 73
Tree Size: 73
Tree Size: 73
Tree Size: 73
Tree Size: 74
Tree Size: 74
Tree Size: 74
Tree Size: 74
Tree Size: 75
Tree Size: 75
Tree Size: 75
Tree Size: 75
Tree Size: 76
Tree Size: 76
Tree Size: 76
Tree Size: 76
Tree Size: 77
Tree Size: 77
Tree Size: 77
Tree Size: 77
Tree Size: 78
Tree Size: 78
Tree Size: 78
Tree Size: 78
Tree Size: 79
Tree Size: 79
Tree Size: 79
Tree Size: 79
Tree Size: 80
Tree Size: 80
Tree Size: 80
Tree Size: 80
Tree Size: 81
Tree Size: 81
Tree Size: 81
Tree Size: 81
Tree Size: 82
Tree Size: 82
Tree Size: 82
Tree Size: 82
Tree Size: 83
Tree Size: 83
Tree Size: 83
Tree Size: 83
Tree Size: 84
Tree Size: 84
Tree Size: 84
Tree Size: 84
Tree Size: 85
Tree Size: 85
Tree Size: 85
Tree Size: 85
Tree Size: 86
Tree Size: 86
Tree Size: 86
Tree Size: 86
Tree Size: 87
Tree Size: 87
Tree Size: 87
Tree Size: 87
Tree Size: 88
Tree Size: 88
Tree Size: 88
Tree Size: 88
Tree Size: 89
Tree Size: 89
Tree Size: 89
Tree Size: 89
Tree Size: 90
Tree Size: 90
Tree Size: 90
Tree Size: 90
Tree Size: 91
Tree Size: 91
Tree Size: 91
Tree Size: 91
Tree Size: 92
Tree Size: 92
Tree Size: 92
Tree Size: 92
Tree Size: 93
Tree Size: 93
Tree Size: 93
Tree Size: 93
Tree Size: 94
Tree Size: 94
Tree Size: 94
Tree Size: 94
Tree Size: 95
Tree Size: 95
Tree Size: 95
Tree Size: 95
Tree Size: 96
Tree Size: 96
Tree Size: 96
Tree Size: 96
Tree Size: 97
Tree Size: 97
Tree Size: 97
Tree Size: 97
Tree Size: 98
Tree Size: 98
Tree Size: 98
Tree Size: 98
Tree Size: 99
Tree Size: 99
Tree Size: 99
Tree Size: 99
Tree Size: 100
Tree Size: 100
Tree Size: 100
Tree Size: 100
Tree Size: 101
Tree Size: 101
Tree Size: 101
Tree Size: 101
Tree Size: 102
Tree Size: 102
Tree Size: 102
Tree Size: 102
Tree Size: 103
Tree Size: 103
Tree Size: 103
Tree Size: 103
Tree Size: 104
Tree Size: 104
Tree Size: 104
Tree Size: 104
Tree Size: 105
Tree Size: 105
Tree Size: 105
Tree Size: 105
Tree Size: 106
Tree Size: 106
Tree Size: 106
Tree Size: 106
Tree Size: 107
Tree Size: 107
Tree Size: 107
Tree Size: 107
Tree Size: 108
Tree Size: 108
Tree Size: 108
Tree Size: 108
Tree Size: 109
Tree Size: 109
Tree Size: 109
Tree Size: 109
Tree Size: 110
Tree Size: 110
Tree Size: 110
Tree Size: 110
Tree Size: 111
Tree Size: 111
Tree Size: 111
Tree Size: 111
Tree Size: 112
Tree Size: 112
Tree Size: 112
Tree Size: 112
Tree Size: 113
Tree Size: 113
Tree Size: 113
Tree Size: 113
Tree Size: 114
Tree Size: 114
Tree Size: 114
Tree Size: 114
Tree Size: 115
Tree Size: 115
Tree Size: 115
Tree Size: 115
Tree Size: 116
Tree Size: 116
Tree Size: 116
Tree Size: 116
Tree Size: 117
Tree Size: 117
Tree Size: 117
Tree Size: 117
Tree Size: 118
Tree Size: 118
Tree Size: 118
Tree Size: 118
Tree Size: 119
Tree Size: 119
Tree Size: 119
Tree Size: 119
Tree Size: 120
Tree Size: 120
Tree Size: 120
Tree Size: 120
Tree Size: 121
Tree Size: 121
Tree Size: 121
Tree Size: 121
Tree Size: 122
Tree Size: 122
Tree Size: 122
Tree Size: 122
Tree Size: 123
Tree Size: 123
Tree Size: 123
Tree Size: 123
Tree Size: 124
Tree Size: 124
Tree Size: 124
Tree Size: 124
Tree Size: 125
Tree Size: 125
Tree Size: 125
Tree Size: 125
Tree Size: 126
Tree Size: 126
Tree Size: 126
Tree Size: 126
Tree Size: 127
Tree Size: 127
Tree Size: 127
Tree Size: 127
Tree Size: 128
Tree Size: 128
Tree Size: 128
Tree Size: 128
Tree Size: 129
Tree Size: 129
Tree Size: 129
Tree Size: 129
Tree Size: 130
Tree Size: 130
Tree Size: 130
Tree Size: 130
Tree Size: 131
Tree Size: 131
Tree Size: 131
Tree Size: 131
Tree Size: 132
Tree Size: 132
Tree Size: 132
Tree Size: 132
Tree Size: 133
Tree Size: 133
Tree Size: 133
Tree Size: 133
Tree Size: 134
Tree Size: 134
Tree Size: 134
Tree Size: 134
Tree Size: 135
Tree Size: 135
Tree Size: 135
Tree Size: 135
Tree Size: 136
Tree Size: 136
Tree Size: 136
Tree Size: 136
Tree Size: 137
Tree Size: 137
Tree Size: 137
Tree Size: 137
Tree Size: 138
Tree Size: 138
Tree Size: 138
Tree Size: 138
Tree Size: 139
Tree Size: 139
Tree Size: 139
Tree Size: 139
Tree Size: 140
Tree Size: 140
Tree Size: 140
Tree Size: 140
Tree Size: 141
Tree Size: 141
Tree Size: 141
Tree Size: 141
Tree Size: 142
Tree Size: 142
Tree Size: 142
Tree Size: 142
Tree Size: 143
Tree Size: 143
Tree Size: 143
Tree Size: 143
Tree Size: 144
Tree Size: 144
Tree Size: 144
Tree Size: 144
Tree Size: 145
Tree Size: 145
Tree Size: 145
Tree Size: 145
Tree Size: 146
Tree Size: 146
Tree Size: 146
Tree Size: 146
Tree Size: 147
Tree Size: 147
Tree Size: 147
Tree Size: 147
Tree Size: 148
Tree Size: 148
Tree Size: 148
Tree Size: 148
Tree Size: 149
Tree Size: 149
Tree Size: 149
Tree Size: 149
Tree Size: 150
Tree Size: 150
Tree Size: 150
Tree Size: 150
Tree Size: 151
Tree Size: 151
Tree Size: 151
Tree Size: 151
Tree Size: 152
Tree Size: 152
Tree Size: 152
Tree Size: 152
Tree Size: 153
Tree Size: 153
Tree Size: 153
Tree Size: 153
Tree Size: 154
Tree Size: 154
Tree Size: 154
Tree Size: 154
Tree Size: 155
Tree Size: 155
Tree Size: 155
Tree Size: 155
Tree Size: 156
Tree Size: 156
Tree Size: 156
Tree Size: 156
Tree Size: 157
Tree Size: 157
Tree Size: 157
Tree Size: 157
Tree Size: 158
Tree Size: 158
Tree Size: 158
Tree Size: 158
Tree Size: 159
Tree Size: 159
Tree Size: 159
Tree Size: 159
Tree Size: 160
Tree Size: 160
Tree Size: 160
Tree Size: 160
Tree Size: 161
Tree Size: 161
Tree Size: 161
Tree Size: 161
Tree Size: 162
Tree Size: 162
Tree Size: 162
Tree Size: 162
Tree Size: 163
Tree Size: 163
Tree Size: 163
Tree Size: 163
Tree Size: 164
Tree Size: 164
Tree Size: 164
Tree Size: 164
Tree Size: 165
Tree Size: 165
Tree Size: 165
Tree Size: 165
Tree Size: 166
Tree Size: 166
Tree Size: 166
Tree Size: 166
Tree Size: 167
Tree Size: 167
Tree Size: 167
Tree Size: 167
Tree Size: 168
Tree Size: 168
Tree Size: 168
Tree Size: 168
Tree Size: 169
Tree Size: 169
Tree Size: 169
Tree Size: 169
Tree Size: 170
Tree Size: 170
Tree Size: 170
Tree Size: 170
Tree Size: 171
Tree Size: 171
Tree Size: 171
Tree Size: 171
Tree Size: 172
Tree Size: 172
Tree Size: 172
Tree Size: 172
Tree Size: 173
Tree Size: 173
Tree Size: 173
Tree Size: 173
Tree Size: 174
Tree Size: 174
Tree Size: 174
Tree Size: 174
Tree Size: 175
Tree Size: 175
Tree Size: 175
Tree Size: 175
Tree Size: 176
Tree Size: 176
Tree Size: 176
Tree Size: 176
Tree Size: 177
Tree Size: 177
Tree Size: 177
Tree Size: 177
Tree Size: 178
Tree Size: 178
Tree Size: 178
Tree Size: 178
Tree Size: 179
Tree Size: 179
Tree Size: 179
Tree Size: 179
Tree Size: 180
Tree Size: 180
Tree Size: 180
Tree Size: 180
Tree Size: 181
Tree Size: 181
Tree Size: 181
Tree Size: 181
Tree Size: 182
Tree Size: 182
Tree Size: 182
Tree Size: 182
Tree Size: 183
Tree Size: 183
Tree Size: 183
Tree Size: 183
Tree Size: 184
Tree Size: 184
Tree Size: 184
Tree Size: 184
Tree Size: 185
Tree Size: 185
Tree Size: 185
Tree Size: 185
Tree Size: 186
Tree Size: 186
Tree Size: 186
Tree Size: 186
Tree Size: 187
Tree Size: 187
Tree Size: 187
Tree Size: 187
Tree Size: 188
Tree Size: 188
Tree Size: 188
Tree Size: 188
Tree Size: 189
Tree Size: 189
Tree Size: 189
Tree Size: 189
Tree Size: 190
Tree Size: 190
Tree Size: 190
Tree Size: 190
Tree Size: 191
Tree Size: 191
Tree Size: 191
Tree Size: 191
Tree Size: 192
Tree Size: 192
Tree Size: 192
Tree Size: 192
Tree Size: 193
Tree Size: 193
Tree Size: 193
Tree Size: 193
Tree Size: 194
Tree Size: 194
Tree Size: 194
Tree Size: 194
Tree Size: 195
Tree Size: 195
Tree Size: 195
Tree Size: 195
Tree Size: 196
Tree Size: 196
Tree Size: 196
Tree Size: 196
Tree Size: 197
Tree Size: 197
Tree Size: 197
Tree Size: 197
Tree Size: 198
Tree Size: 198
Tree Size: 198
Tree Size: 198
Tree Size: 199
Tree Size: 199
Tree Size: 199
Tree Size: 199
Tree Size: 200
Tree Size: 200
Tree Size: 200
Tree Size: 200
Tree Size: 201
Tree Size: 201
Tree Size: 201
Tree Size: 201
Tree Size: 202
Tree Size: 202
Tree Size: 202
Tree Size: 202
Tree Size: 203
Tree Size: 203
Tree Size: 203
Tree Size: 203
Tree Size: 204
Tree Size: 204
Tree Size: 204
Tree Size: 204
Tree Size: 205
Tree Size: 205
Tree Size: 205
Tree Size: 205
Tree Size: 206
Tree Size: 206
Tree Size: 206
Tree Size: 206
Tree Size: 207
Tree Size: 207
Tree Size: 207
Tree Size: 207
Tree Size: 208
Tree Size: 208
Tree Size: 208
Tree Size: 208
Tree Size: 209
Tree Size: 209
Tree Size: 209
Tree Size: 209
Tree Size: 210
Tree Size: 210
Tree Size: 210
Tree Size: 210
Tree Size: 211
Tree Size: 211
Tree Size: 211
Tree Size: 211
Tree Size: 212
Tree Size: 212
Tree Size: 212
Tree Size: 212
Tree Size: 213
Tree Size: 213
Tree Size: 213
Tree Size: 213
Tree Size: 214
Tree Size: 214
Tree Size: 214
Tree Size: 214
Tree Size: 215
Tree Size: 215
Tree Size: 215
Tree Size: 215
Tree Size: 216
Tree Size: 216
Tree Size: 216
Tree Size: 216
Tree Size: 217
Tree Size: 217
Tree Size: 217
Tree Size: 217
Tree Size: 218
Tree Size: 218
Tree Size: 218
Tree Size: 218
Tree Size: 219
Tree Size: 219
Tree Size: 219
Tree Size: 219
Tree Size: 220
Tree Size: 220
Tree Size: 220
Tree Size: 220
Tree Size: 221
Tree Size: 221
Tree Size: 221
Tree Size: 221
Tree Size: 222
Tree Size: 222
Tree Size: 222
Tree Size: 222
Tree Size: 223
Tree Size: 223
Tree Size: 223
Tree Size: 223
Tree Size: 224
Tree Size: 224
Tree Size: 224
Tree Size: 224
Tree Size: 225
Tree Size: 225
Tree Size: 225
Tree Size: 225
Tree Size: 226
Tree Size: 226
Tree Size: 226
Tree Size: 226
Tree Size: 227
Tree Size: 227
Tree Size: 227
Tree Size: 227
Tree Size: 228
Tree Size: 228
Tree Size: 228
Tree Size: 228
Tree Size: 229
Tree Size: 229
Tree Size: 229
Tree Size: 229
Tree Size: 230
Tree Size: 230
Tree Size: 230
Tree Size: 230
Tree Size: 231
Tree Size: 231
Tree Size: 231
Tree Size: 231
Tree Size: 232
Tree Size: 232
Tree Size: 232
Tree Size: 232
Tree Size: 233
Tree Size: 233
Tree Size: 233
Tree Size: 233
Tree Size: 234
Tree Size: 234
Tree Size: 234
Tree Size: 234
Tree Size: 235
Tree Size: 235
Tree Size: 235
Tree Size: 235
Tree Size: 236
Tree Size: 236
Tree Size: 236
Tree Size: 236
Tree Size: 237
Tree Size: 237
Tree Size: 237
Tree Size: 237
Tree Size: 238
Tree Size: 238
Tree Size: 238
Tree Size: 238
Tree Size: 239
Tree Size: 239
Tree Size: 239
Tree Size: 239
Tree Size: 240
Tree Size: 240
Tree Size: 240
Tree Size: 240
Tree Size: 241
Tree Size: 241
Tree Size: 241
Tree Size: 241
Tree Size: 242
Tree Size: 242
Tree Size: 242
Tree Size: 242
Tree Size: 243
Tree Size: 243
Tree Size: 243
Tree Size: 243
Tree Size: 244
Tree Size: 244
Tree Size: 244
Tree Size: 244
Tree Size: 245
Tree Size: 245
Tree Size: 245
Tree Size: 245
Tree Size: 246
Tree Size: 246
Tree Size: 246
Tree Size: 246
Tree Size: 247
Tree Size: 247
Tree Size: 247
Tree Size: 247
Tree Size: 248
Tree Size: 248
Tree Size: 248
Tree Size: 248
Tree Size: 249
Tree Size: 249
Tree Size: 249
Tree Size: 249
Tree Size: 250
Tree Size: 250
Tree Size: 250
Tree Size: 250
Tree Size: 251
Tree Size: 251
Tree Size: 251
Tree Size: 251
Tree Size: 252
Tree Size: 252
Tree Size: 252
Tree Size: 252
Tree Size: 253
Tree Size: 253
Tree Size: 253
Tree Size: 253
Tree Size: 254
Tree Size: 254
Tree Size: 254
Tree Size: 254
Tree Size: 255
Tree Size: 255
Tree Size: 255
Tree Size: 255
Tree Size: 256
Tree Size: 256
Tree Size: 256
Tree Size: 256
Tree Size: 257
Tree Size: 257
Tree Size: 257
Tree Size: 257
Tree Size: 258
Tree Size: 258
Tree Size: 258
Tree Size: 258
Tree Size: 259
Tree Size: 259
Tree Size: 259
Tree Size: 259
Tree Size: 260
Tree Size: 260
Tree Size: 260
Tree Size: 260
Tree Size: 261
Tree Size: 261
Tree Size: 261
Tree Size: 261
Tree Size: 262
Tree Size: 262
Tree Size: 262
Tree Size: 262
Tree Size: 263
Tree Size: 263
Tree Size: 263
Tree Size: 263
Tree Size: 264
Tree Size: 264
Tree Size: 264
Tree Size: 264
Tree Size: 265
Tree Size: 265
Tree Size: 265
Tree Size: 265
Tree Size: 266
Tree Size: 266
Tree Size: 266
Tree Size: 266
Tree Size: 267
Tree Size: 267
Tree Size: 267
Tree Size: 267
Tree Size: 268
Tree Size: 268
Tree Size: 268
Tree Size: 268
Tree Size: 269
Tree Size: 269
Tree Size: 269
Tree Size: 269
Tree Size: 270
Tree Size: 270
Tree Size: 270
Tree Size: 270
Tree Size: 271
Tree Size: 271
Tree Size: 271
Tree Size: 271
Tree Size: 272
Tree Size: 272
Tree Size: 272
Tree Size: 272
Tree Size: 273
Tree Size: 273
Tree Size: 273
Tree Size: 273
Tree Size: 274
Tree Size: 274
Tree Size: 274
Tree Size: 274
Tree Size: 275
Tree Size: 275
Tree Size: 275
Tree Size: 275
Tree Size: 276
Tree Size: 276
Tree Size: 276
Tree Size: 276
Tree Size: 277
Tree Size: 277
Tree Size: 277
Tree Size: 277
Tree Size: 278
Tree Size: 278
Tree Size: 278
Tree Size: 278
Tree Size: 279
Tree Size: 279
Tree Size: 279
Tree Size: 279
Tree Size: 280
Tree Size: 280
Tree Size: 280
Tree Size: 280
Tree Size: 281
Tree Size: 281
Tree Size: 281
Tree Size: 281
Tree Size: 282
Tree Size: 282
Tree Size: 282
Tree Size: 282
Tree Size: 283
Tree Size: 283
Tree Size: 283
Tree Size: 283
Tree Size: 284
Tree Size: 284
Tree Size: 284
Tree Size: 284
Tree Size: 285
Tree Size: 285
Tree Size: 285
Tree Size: 285
Tree Size: 286
Tree Size: 286
Tree Size: 286
Tree Size: 286
Tree Size: 287
Tree Size: 287
Tree Size: 287
Tree Size: 287
Tree Size: 288
Tree Size: 288
Tree Size: 288
Tree Size: 288
Tree Size: 289
Tree Size: 289
Tree Size: 289
Tree Size: 289
Tree Size: 290
Tree Size: 290
Tree Size: 290
Tree Size: 290
Tree Size: 291
Tree Size: 291
Tree Size: 291
Tree Size: 291
Tree Size: 292
Tree Size: 292
Tree Size: 292
Tree Size: 292
Tree Size: 293
Tree Size: 293
Tree Size: 293
Tree Size: 293
Tree Size: 294
Tree Size: 294
Tree Size: 294
Tree Size: 294
Tree Size: 295
Tree Size: 295
Tree Size: 295
Tree Size: 295
Tree Size: 296
Tree Size: 296
Tree Size: 296
Tree Size: 296
Tree Size: 297
Tree Size: 297
Tree Size: 297
Tree Size: 297
Tree Size: 298
Tree Size: 298
Tree Size: 298
Tree Size: 298
Tree Size: 299
Tree Size: 299
Tree Size: 299
Tree Size: 299
Tree Size: 300
Tree Size: 300
Tree Size: 300
Tree Size: 300
Tree Size: 301
Tree Size: 301
Tree Size: 301
Tree Size: 301
Tree Size: 302
Tree Size: 302
Tree Size: 302
Tree Size: 302
Tree Size: 303
Tree Size: 303
Tree Size: 303
Tree Size: 303
Tree Size: 304
Tree Size: 304
Tree Size: 304
Tree Size: 304
Tree Size: 305
Tree Size: 305
Tree Size: 305
Tree Size: 305
Tree Size: 306
Tree Size: 306
Tree Size: 306
Tree Size: 306
Tree Size: 307
Tree Size: 307
Tree Size: 307
Tree Size: 307
Tree Size: 308
Tree Size: 308
Tree Size: 308
Tree Size: 308
Tree Size: 309
Tree Size: 309
Tree Size: 309
Tree Size: 309
Tree Size: 310
Tree Size: 310
Tree Size: 310
Tree Size: 310
Tree Size: 311
Tree Size: 311
Tree Size: 311
Tree Size: 311
Tree Size: 312
Tree Size: 312
Tree Size: 312
Tree Size: 312
Tree Size: 313
Tree Size: 313
Tree Size: 313
Tree Size: 313
Tree Size: 314
Tree Size: 314
Tree Size: 314
Tree Size: 314
Tree Size: 315
Tree Size: 315
Tree Size: 315
Tree Size: 315
Tree Size: 316
Tree Size: 316
Tree Size: 316
Tree Size: 316
Tree Size: 317
Tree Size: 317
Tree Size: 317
Tree Size: 317
Tree Size: 318
Tree Size: 318
Tree Size: 318
Tree Size: 318
Tree Size: 319
Tree Size: 319
Tree Size: 319
Tree Size: 319
Tree Size: 320
Tree Size: 320
Tree Size: 320
Tree Size: 320
Tree Size: 321
Tree Size: 321
Tree Size: 321
Tree Size: 321
Tree Size: 322
Tree Size: 322
Tree Size: 322
Tree Size: 322
Tree Size: 323
Tree Size: 323
Tree Size: 323
Tree Size: 323
Tree Size: 324
Tree Size: 324
Tree Size: 324
Tree Size: 324
Tree Size: 325
Tree Size: 325
Tree Size: 325
Tree Size: 325
Tree Size: 326
Tree Size: 326
Tree Size: 326
Tree Size: 326
Tree Size: 327
Tree Size: 327
Tree Size: 327
Tree Size: 327
Tree Size: 328
Tree Size: 328
Tree Size: 328
Tree Size: 328
Tree Size: 329
Tree Size: 329
Tree Size: 329
Tree Size: 329
Tree Size: 330
Tree Size: 330
Tree Size: 330
Tree Size: 330
Tree Size: 331
Tree Size: 331
Tree Size: 331
Tree Size: 331
Tree Size: 332
Tree Size: 332
Tree Size: 332
Tree Size: 332
Tree Size: 333
Tree Size: 333
Tree Size: 333
Tree Size: 333
Tree Size: 334
Tree Size: 334
Tree Size: 334
Tree Size: 334
Tree Size: 335
Tree Size: 335
Tree Size: 335
Tree Size: 335
Tree Size: 336
Tree Size: 336
Tree Size: 336
Tree Size: 336
Tree Size: 337
Tree Size: 337
Tree Size: 337
Tree Size: 337
Tree Size: 338
Tree Size: 338
Tree Size: 338
Tree Size: 338
Tree Size: 339
Tree Size: 339
Tree Size: 339
Tree Size: 339
Tree Size: 340
Tree Size: 340
Tree Size: 340
Tree Size: 340
Tree Size: 341
Tree Size: 341
Tree Size: 341
Tree Size: 341
Tree Size: 342
Tree Size: 342
Tree Size: 342
Tree Size: 342
Tree Size: 343
Tree Size: 343
Tree Size: 343
Tree Size: 343
Tree Size: 344
Tree Size: 344
Tree Size: 344
Tree Size: 344
Tree Size: 345
Tree Size: 345
Tree Size: 345
Tree Size: 345
Tree Size: 346
Tree Size: 346
Tree Size: 346
Tree Size: 346
Tree Size: 347
Tree Size: 347
Tree Size: 347
Tree Size: 347
Tree Size: 348
Tree Size: 348
Tree Size: 348
Tree Size: 348
Tree Size: 349
Tree Size: 349
Tree Size: 349
Tree Size: 349
Tree Size: 350
Tree Size: 350
Tree Size: 350
Tree Size: 350
Tree Size: 351
Tree Size: 351
Tree Size: 351
Tree Size: 351
Tree Size: 352
Tree Size: 352
Tree Size: 352
Tree Size: 352
Tree Size: 353
Tree Size: 353
Tree Size: 353
Tree Size: 353
Tree Size: 354
Tree Size: 354
Tree Size: 354
Tree Size: 354
Tree Size: 355
Tree Size: 355
Tree Size: 355
Tree Size: 355
Tree Size: 356
Tree Size: 356
Tree Size: 356
Tree Size: 356
Tree Size: 357
Tree Size: 357
Tree Size: 357
Tree Size: 357
Tree Size: 358
Tree Size: 358
Tree Size: 358
Tree Size: 358
Tree Size: 359
Tree Size: 359
Tree Size: 359
Tree Size: 359
Tree Size: 360
Tree Size: 360
Tree Size: 360
Tree Size: 360
Tree Size: 361
Tree Size: 361
Tree Size: 361
Tree Size: 361
Tree Size: 362
Tree Size: 362
Tree Size: 362
Tree Size: 362
Tree Size: 363
Tree Size: 363
Tree Size: 363
Tree Size: 363
Tree Size: 364
Tree Size: 364
Tree Size: 364
Tree Size: 364
Tree Size: 365
Tree Size: 365
Tree Size: 365
Tree Size: 365
Tree Size: 366
Tree Size: 366
Tree Size: 366
Tree Size: 366
Tree Size: 367
Tree Size: 367
Tree Size: 367
Tree Size: 367
Tree Size: 368
Tree Size: 368
Tree Size: 368
Tree Size: 368
Tree Size: 369
Tree Size: 369
Tree Size: 369
Tree Size: 369
Tree Size: 370
Tree Size: 370
Tree Size: 370
Tree Size: 370
Tree Size: 371
Tree Size: 371
Tree Size: 371
Tree Size: 371
Tree Size: 372
Tree Size: 372
Tree Size: 372
Tree Size: 372
Tree Size: 373
Tree Size: 373
Tree Size: 373
Tree Size: 373
Tree Size: 374
Tree Size: 374
Tree Size: 374
Tree Size: 374
Tree Size: 375
Tree Size: 375
Tree Size: 375
Tree Size: 375
Tree Size: 376
Tree Size: 376
Tree Size: 376
Tree Size: 376
Tree Size: 377
Tree Size: 377
Tree Size: 377
Tree Size: 377
Tree Size: 378
Tree Size: 378
Tree Size: 378
Tree Size: 378
Tree Size: 379
Tree Size: 379
Tree Size: 379
Tree Size: 379
Tree Size: 380
Tree Size: 380
Tree Size: 380
Tree Size: 380
Tree Size: 381
Tree Size: 381
Tree Size: 381
Tree Size: 381
Tree Size: 382
Tree Size: 382
Tree Size: 382
Tree Size: 382
Tree Size: 383
Tree Size: 383
Tree Size: 383
Tree Size: 383
Tree Size: 384
Tree Size: 384
Tree Size: 384
Tree Size: 384
Tree Size: 385
Tree Size: 385
Tree Size: 385
Tree Size: 385
Tree Size: 386
Tree Size: 386
Tree Size: 386
Tree Size: 386
Tree Size: 387
Tree Size: 387
Tree Size: 387
Tree Size: 387
Tree Size: 388
Tree Size: 388
Tree Size: 388
Tree Size: 388
Tree Size: 389
Tree Size: 389
Tree Size: 389
Tree Size: 389
Tree Size: 390
Tree Size: 390
Tree Size: 390
Tree Size: 390
Tree Size: 391
Tree Size: 391
Tree Size: 391
Tree Size: 391
Tree Size: 392
Tree Size: 392
Tree Size: 392
Tree Size: 392
Tree Size: 393
Tree Size: 393
Tree Size: 393
Tree Size: 393
Tree Size: 394
Tree Size: 394
Tree Size: 394
Tree Size: 394
Tree Size: 395
Tree Size: 395
Tree Size: 395
Tree Size: 395
Tree Size: 396
Tree Size: 396
Tree Size: 396
Tree Size: 396
Tree Size: 397
Tree Size: 397
Tree Size: 397
Tree Size: 397
Tree Size: 398
Tree Size: 398
Tree Size: 398
Tree Size: 398
Tree Size: 399
Tree Size: 399
Tree Size: 399
Tree Size: 399
Tree Size: 400
Tree Size: 400
Tree Size: 400
Tree Size: 400
Tree Size: 401
Tree Size: 401
Tree Size: 401
Tree Size: 401
Tree Size: 402
Tree Size: 402
Tree Size: 402
Tree Size: 402
Tree Size: 403
Tree Size: 403
Tree Size: 403
Tree Size: 403
Tree Size: 404
Tree Size: 404
Tree Size: 404
Tree Size: 404
Tree Size: 405
Tree Size: 405
Tree Size: 405
Tree Size: 405
Tree Size: 406
Tree Size: 406
Tree Size: 406
Tree Size: 406
Tree Size: 407
Tree Size: 407
Tree Size: 407
Tree Size: 407
Tree Size: 408
Tree Size: 408
Tree Size: 408
Tree Size: 408
Tree Size: 409
Tree Size: 409
Tree Size: 409
Tree Size: 409
Tree Size: 410
Tree Size: 410
Tree Size: 410
Tree Size: 410
Tree Size: 411
Tree Size: 411
Tree Size: 411
Tree Size: 411
Tree Size: 412
Tree Size: 412
Tree Size: 412
Tree Size: 412
Tree Size: 413
Tree Size: 413
Tree Size: 413
Tree Size: 413
Tree Size: 414
Tree Size: 414
Tree Size: 414
Tree Size: 414
Tree Size: 415
Tree Size: 415
Tree Size: 415
Tree Size: 415
Tree Size: 416
Tree Size: 416
Tree Size: 416
Tree Size: 416
Tree Size: 417
Tree Size: 417
Tree Size: 417
Tree Size: 417
Tree Size: 418
Tree Size: 418
Tree Size: 418
Tree Size: 418
Tree Size: 419
Tree Size: 419
Tree Size: 419
Tree Size: 419
Tree Size: 420
Tree Size: 420
Tree Size: 420
Tree Size: 420
Tree Size: 421
Tree Size: 421
Tree Size: 421
Tree Size: 421
Tree Size: 422
Tree Size: 422
Tree Size: 422
Tree Size: 422
Tree Size: 423
Tree Size: 423
Tree Size: 423
Tree Size: 423
Tree Size: 424
Tree Size: 424
Tree Size: 424
Tree Size: 424
Tree Size: 425
Tree Size: 425
Tree Size: 425
Tree Size: 425
Tree Size: 426
Tree Size: 426
Tree Size: 426
Tree Size: 426
Tree Size: 427
Tree Size: 427
Tree Size: 427
Tree Size: 427
Tree Size: 428
Tree Size: 428
Tree Size: 428
Tree Size: 428
Tree Size: 429
Tree Size: 429
Tree Size: 429
Tree Size: 429
Tree Size: 430
Tree Size: 430
Tree Size: 430
Tree Size: 430
Tree Size: 431
Tree Size: 431
Tree Size: 431
Tree Size: 431
Tree Size: 432
Tree Size: 432
Tree Size: 432
Tree Size: 432
Tree Size: 433
Tree Size: 433
Tree Size: 433
Tree Size: 433
Tree Size: 434
Tree Size: 434
Tree Size: 434
Tree Size: 434
Tree Size: 435
Tree Size: 435
Tree Size: 435
Tree Size: 435
Tree Size: 436
Tree Size: 436
Tree Size: 436
Tree Size: 436
Tree Size: 437
Tree Size: 437
Tree Size: 437
Tree Size: 437
Tree Size: 438
Tree Size: 438
Tree Size: 438
Tree Size: 438
Tree Size: 439
Tree Size: 439
Tree Size: 439
Tree Size: 439
Tree Size: 440
Tree Size: 440
Tree Size: 440
Tree Size: 440
Tree Size: 441
Tree Size: 441
Tree Size: 441
Tree Size: 441
Tree Size: 442
Tree Size: 442
Tree Size: 442
Tree Size: 442
Tree Size: 443
Tree Size: 443
Tree Size: 443
Tree Size: 443
Tree Size: 444
Tree Size: 444
Tree Size: 444
Tree Size: 444
Tree Size: 445
Tree Size: 445
Tree Size: 445
Tree Size: 445
Tree Size: 446
Tree Size: 446
Tree Size: 446
Tree Size: 446
Tree Size: 447
Tree Size: 447
Tree Size: 447
Tree Size: 447
Tree Size: 448
Tree Size: 448
Tree Size: 448
Tree Size: 448
Tree Size: 449
Tree Size: 449
Tree Size: 449
Tree Size: 449
Tree Size: 450
Tree Size: 450
Tree Size: 450
Tree Size: 450
Tree Size: 451
Tree Size: 451
Tree Size: 451
Tree Size: 451
Tree Size: 452
Tree Size: 452
Tree Size: 452
Tree Size: 452
Tree Size: 453
Tree Size: 453
Tree Size: 453
Tree Size: 453
Tree Size: 454
Tree Size: 454
Tree Size: 454
Tree Size: 454
Tree Size: 455
Tree Size: 455
Tree Size: 455
Tree Size: 455
Tree Size: 456
Tree Size: 456
Tree Size: 456
Tree Size: 456
Tree Size: 457
Tree Size: 457
Tree Size: 457
Tree Size: 457
Tree Size: 458
Tree Size: 458
Tree Size: 458
Tree Size: 458
Tree Size: 459
Tree Size: 459
Tree Size: 459
Tree Size: 459
Tree Size: 460
Tree Size: 460
Tree Size: 460
Tree Size: 460
Tree Size: 461
Tree Size: 461
Tree Size: 461
Tree Size: 461
Tree Size: 462
Tree Size: 462
Tree Size: 462
Tree Size: 462
Tree Size: 463
Tree Size: 463
Tree Size: 463
Tree Size: 463
Tree Size: 464
Tree Size: 464
Tree Size: 464
Tree Size: 464
Tree Size: 465
Tree Size: 465
Tree Size: 465
Tree Size: 465
Tree Size: 466
Tree Size: 466
Tree Size: 466
Tree Size: 466
Tree Size: 467
Tree Size: 467
Tree Size: 467
Tree Size: 467
Tree Size: 468
Tree Size: 468
Tree Size: 468
Tree Size: 468
Tree Size: 469
Tree Size: 469
Tree Size: 469
Tree Size: 469
Tree Size: 470
Tree Size: 470
Tree Size: 470
Tree Size: 470
Tree Size: 471
Tree Size: 471
Tree Size: 471
Tree Size: 471
Tree Size: 472
Tree Size: 472
Tree Size: 472
Tree Size: 472
Tree Size: 473
Tree Size: 473
Tree Size: 473
Tree Size: 473
Tree Size: 474
Tree Size: 474
Tree Size: 474
Tree Size: 474
Tree Size: 475
Tree Size: 475
Tree Size: 475
Tree Size: 475
Tree Size: 476
Tree Size: 476
Tree Size: 476
Tree Size: 476
Tree Size: 477
Tree Size: 477
Tree Size: 477
Tree Size: 477
Tree Size: 478
Tree Size: 478
Tree Size: 478
Tree Size: 478
Tree Size: 479
Tree Size: 479
Tree Size: 479
Tree Size: 479
Tree Size: 480
Tree Size: 480
Tree Size: 480
Tree Size: 480
Tree Size: 481
Tree Size: 481
Tree Size: 481
Tree Size: 481
Tree Size: 482
Tree Size: 482
Tree Size: 482
Tree Size: 482
Tree Size: 483
Tree Size: 483
Tree Size: 483
Tree Size: 483
Tree Size: 484
Tree Size: 484
Tree Size: 484
Tree Size: 484
Tree Size: 485
Tree Size: 485
Tree Size: 485
Tree Size: 485
Tree Size: 486
Tree Size: 486
Tree Size: 486
Tree Size: 486
Tree Size: 487
Tree Size: 487
Tree Size: 487
Tree Size: 487
Tree Size: 488
Tree Size: 488
Tree Size: 488
Tree Size: 488
Tree Size: 489
Tree Size: 489
Tree Size: 489
Tree Size: 489
Tree Size: 490
Tree Size: 490
Tree Size: 490
Tree Size: 490
Tree Size: 491
Tree Size: 491
Tree Size: 491
Tree Size: 491
Tree Size: 492
Tree Size: 492
Tree Size: 492
Tree Size: 492
Tree Size: 493
Tree Size: 493
Tree Size: 493
Tree Size: 493
Tree Size: 494
Tree Size: 494
Tree Size: 494
Tree Size: 494
Tree Size: 495
Tree Size: 495
Tree Size: 495
Tree Size: 495
Tree Size: 496
Tree Size: 496
Tree Size: 496
Tree Size: 496
Tree Size: 497
Tree Size: 497
Tree Size: 497
Tree Size: 497
Tree Size: 498
Tree Size: 498
Tree Size: 498
Tree Size: 498
Tree Size: 499
Tree Size: 499
Tree Size: 499
Tree Size: 499
Tree Size: 500
Tree Size: 500
Tree Size: 500
Tree Size: 500
Tree Size: 501
Tree Size: 501
Tree Size: 501
Tree Size: 501
Tree Size: 502
Tree Size: 502
Tree Size: 502
Tree Size: 502
Tree Size: 503
Tree Size: 503
Tree Size: 503
Tree Size: 503
Tree Size: 504
Tree Size: 504
Tree Size: 504
Tree Size: 504
Tree Size: 505
Tree Size: 505
Tree Size: 505
Tree Size: 505
Tree Size: 506
Tree Size: 506
Tree Size: 506
Tree Size: 506
Tree Size: 507
Tree Size: 507
Tree Size: 507
0.5 0.3; 29.999999999999993 29.999999999999993 29.999999999999993; 0.2 0.2 0.2
0.5 0.3; 30.154357963520297 22.09819832297362 28.818694492465166; 0.2 0.2 0.2
0.5 0.3; 30.741540529571694 15.70334636407559 46.98737567298049; 0.2 0.2 0.2
0.5 0.3; 30.17184311898281 16.846794169419766 53.59940281303649; 0.2 0.2 0.2
0.5 0.3; 35.2864877717635 16.71974618225692 54.49568999301935; 0.2 0.2 0.2
0.5 0.3; 41.512324078306875 12.311566427393073 62.53262702279416; 0.2 0.2 0.2
0.5 0.3; 48.28833221589203 -4.156665745510735 62.64866884490152; 0.2 0.2 0.2
0.5 0.3; 50.80617661612905 -10.691961239750405 64.3961741723423; 0.2 0.2 0.2
0.5 0.3; 49.883390087641 -15.586554210089412 76.923954097094; 0.2 0.2 0.2
0.5 0.3; 50.17360127756635 -9.087251451771905 85.74829663639885; 0.2 0.2 0.2
0.5 0.3; 34.3358297406731 -8.033619867925276 93.85958042769293; 0.2 0.2 0.2
0.5 0.3; 27.135333363091497 8.258914636184548 96.1570590348443; 0.2 0.2 0.2
0.5 0.3; 26.247522436216503 17.259634097759843 96.17704926426138; 0.2 0.2 0.2
0.5 0.3; 26.303366767395374 18.265848277665327 102.61604983606712; 0.2 0.2 0.2
0.5 0.3; 24.655776522924977 24.106998006299854 105.16601565074654; 0.2 0.2 0.2
0.5 0.3; 24.792742045986127 30.223661437091977 105.04105187910967; 0.2 0.2 0.2
0.5 0.3; 9.245154743407669 33.129057828615444 102.76754566917181; 0.2 0.2 0.2
0.5 0.3; 8.62936189360006 50.950938145582256 101.78991884717662; 0.2 0.2 0.2
0.5 0.3; 13.171342004301696 60.897850729950555 100.57519258451234; 0.2 0.2 0.2
0.5 0.3; 12.56153818370788 69.45591855254138 83.3975227653168; 0.2 0.2 0.2
0.5 0.3; 6.328870493123526 76.96597240698692 83.51229744775691; 0.2 0.2 0.2
0.5 0.3; 10.049473355251179 77.17647495914322 76.6380355719555; 0.2 0.2 0.2
0.5 0.3; 11.592860300846175 88.6880719000086 72.58705799994894; 0.2 0.2 0.2
0.5 0.3; 18.08509147213248 88.10125575715502 65.48462631519604; 0.2 0.2 0.2
0.5 0.3; 18.22608392701904 112.09127541112585 62.7933003084773; 0.2 0.2 0.2
0.5 0.3; 18.017930778288505 112.52059327743196 62.356079590409045; 0.2 0.2 0.2
0.5 0.3; 28.59448781653063 104.59296197668716 55.8620570923543; 0.2 0.2 0.2
0.5 0.3; 35.58847994402674 105.34307125198916 57.191659951288614; 0.2 0.2 0.2
0.5 0.3; 50.722850656386825 100.78640135452213 57.452227006051515; 0.2 0.2 0.2
0.5 0.3; 48.77443043259305 96.4958042009107 55.64122686602342; 0.2 0.2 0.2
0.5 0.3; 57.44408489995016 101.25994184261963 53.28211276678375; 0.2 0.2 0.2
0.5 0.3; 67.18457631494205 100.2500646017351 57.56168564343355; 0.2 0.2 0.2
0.5 0.3; 73.57980591162654 89.10153463914678 49.68453572340526; 0.2 0.2 0.2
0.5 0.3; 85.70810702242721 83.0230886324721 50.55932092552484; 0.2 0.2 0.2
0.5 0.3; 95.89231304524266 80.36065745676146 50.28418752047723; 0.2 0.2 0.2
0.5 0.3; 93.28726134931192 59.199479820271044 52.606658624025904; 0.2 0.2 0.2
0.5 0.3; 106.72467143852384 56.89120093444833 47.39919017503687; 0.2 0.2 0.2
0.5 0.3; 106.58712745096734 46.177404283234544 46.564545271798025; 0.2 0.2 0.2
0.5 0.3; 111.196686891998 31.456961023088994 45.212351144802106; 0.2 0.2 0.2
0.5 0.3; 110.8101540158623 14.141296239024253 50.14054861865255; 0.2 0.2 0.2
0.5 0.3; 117.52212622037862 6.59660996218107 51.49727139800279; 0.2 0.2 0.2
0.5 0.3; 115.93687621233319 -4.4312571755553085 49.04463285168272; 0.2 0.2 0.2
0.5 0.3; 114.6937679612651 -8.535223941726258 42.257516074226324; 0.2 0.2 0.2
0.5 0.3; 126.5686423315826 -9.412350499258313 37.93392879924483; 0.2 0.2 0.2
0.5 0.3; 133.33228816855132 -13.78912377918071 37.933721291386554; 0.2 0.2 0.2
0.5 0.3; 133.44986405899778 -17.201965470222472 22.679986757971204; 0.2 0.2 0.2
0.5 0.3; 134.14402161254114 -18.642933928303894 5.804082493367722; 0.2 0.2 0.2
0.5 0.3; 136.5161583764022 -24.626440081769914 -2.876293760036514; 0.2 0.2 0.2
0.5 0.3; 151.21975848859026 -30.53310815774664 -5.411437061692509; 0.2 0.2 0.2
0.5 0.3; 150.00000000000003 -29.999999999999993 -29.999999999999993; 0.2 0.2 0.2
